0 info it worked if it ends with ok
1 verbose cli [ '/Users/romel.campbell/.nvm/versions/node/v5.9.1/bin/node',
1 verbose cli   '/Users/romel.campbell/.nvm/versions/node/v5.9.1/bin/npm',
1 verbose cli   'start' ]
2 info using npm@3.7.3
3 info using node@v5.9.1
4 verbose run-script [ 'prestart', 'start', 'poststart' ]
5 info lifecycle product-management@1.0.0~prestart: product-management@1.0.0
6 silly lifecycle product-management@1.0.0~prestart: no script for prestart, continuing
7 info lifecycle product-management@1.0.0~start: product-management@1.0.0
8 verbose lifecycle product-management@1.0.0~start: unsafe-perm in lifecycle true
9 verbose lifecycle product-management@1.0.0~start: PATH: /Users/romel.campbell/.nvm/versions/node/v5.9.1/lib/node_modules/npm/bin/node-gyp-bin:/Users/romel.campbell/GitHub/Repos/Angular2/pluralsight/GettingStarted/APM/node_modules/.bin:/Users/romel.campbell/.nvm/versions/node/v5.9.1/bin:~/Library/Android/sdk/tools:~/Library/Android/sdk/platform-tools:/Users/romel.campbell/.nvm/versions/node/v5.9.1/bin:/usr/local/oracle/instantclient_11_2/bin:/usr/local/sbin:/System/Library/Frameworks/JavaVM.framework/Home/bin:./bin:/usr/local/bin:/Users/romel.campbell/bin:/usr/local/mysql/bin:/usr/bin:/bin:/usr/sbin:/sbin:/usr/local/bin:/opt/X11/bin:/usr/local/go/bin:/Users/romel.campbell/railsbricks:/Applications/eclipse/Eclipse.app/Contents/MacOS:/Applications/play-2.1.0:/Users/romel.campbell/go/google_appengine:/Users/romel.campbell/go/bin:/usr/local/Cellar/go/current/libexec/bin
10 verbose lifecycle product-management@1.0.0~start: CWD: /Users/romel.campbell/GitHub/Repos/Angular2/pluralsight/GettingStarted/APM
11 silly lifecycle product-management@1.0.0~start: Args: [ '-c', 'concurrently "npm run tsc:w" "npm run lite" ' ]
12 info lifecycle product-management@1.0.0~start: Failed to exec start script
13 verbose stack Error: product-management@1.0.0 start: `concurrently "npm run tsc:w" "npm run lite" `
13 verbose stack spawn ENOENT
13 verbose stack     at ChildProcess.<anonymous> (/Users/romel.campbell/.nvm/versions/node/v5.9.1/lib/node_modules/npm/lib/utils/spawn.js:17:16)
13 verbose stack     at emitTwo (events.js:100:13)
13 verbose stack     at ChildProcess.emit (events.js:185:7)
13 verbose stack     at maybeClose (internal/child_process.js:850:16)
13 verbose stack     at Process.ChildProcess._handle.onexit (internal/child_process.js:215:5)
14 verbose pkgid product-management@1.0.0
15 verbose cwd /Users/romel.campbell/GitHub/Repos/Angular2/pluralsight/GettingStarted/APM
16 error Darwin 15.5.0
17 error argv "/Users/romel.campbell/.nvm/versions/node/v5.9.1/bin/node" "/Users/romel.campbell/.nvm/versions/node/v5.9.1/bin/npm" "start"
18 error node v5.9.1
19 error npm  v3.7.3
20 error file sh
21 error code ELIFECYCLE
22 error errno ENOENT
23 error syscall spawn
24 error product-management@1.0.0 start: `concurrently "npm run tsc:w" "npm run lite" `
24 error spawn ENOENT
25 error Failed at the product-management@1.0.0 start script 'concurrently "npm run tsc:w" "npm run lite" '.
25 error Make sure you have the latest version of node.js and npm installed.
25 error If you do, this is most likely a problem with the product-management package,
25 error not with npm itself.
25 error Tell the author that this fails on your system:
25 error     concurrently "npm run tsc:w" "npm run lite"
25 error You can get information on how to open an issue for this project with:
25 error     npm bugs product-management
25 error Or if that isn't available, you can get their info via:
25 error     npm owner ls product-management
25 error There is likely additional logging output above.
26 verbose exit [ 1, true ]
