0 info it worked if it ends with ok
1 verbose cli [ '/Users/romel.campbell/.nvm/versions/node/v5.9.1/bin/node',
1 verbose cli   '/Users/romel.campbell/.nvm/versions/node/v5.9.1/bin/npm',
1 verbose cli   'start' ]
2 info using npm@3.9.5
3 info using node@v5.9.1
4 verbose stack Error: Failed to parse json
4 verbose stack Unexpected token '/' at 31:5
4 verbose stack     //"start": "live-server --no-browser --wait=400 -q"
4 verbose stack     ^
4 verbose stack     at parseError (/Users/romel.campbell/.nvm/versions/node/v5.9.1/lib/node_modules/npm/node_modules/read-package-json/read-json.js:390:11)
4 verbose stack     at parseJson (/Users/romel.campbell/.nvm/versions/node/v5.9.1/lib/node_modules/npm/node_modules/read-package-json/read-json.js:79:23)
4 verbose stack     at /Users/romel.campbell/.nvm/versions/node/v5.9.1/lib/node_modules/npm/node_modules/read-package-json/read-json.js:48:5
4 verbose stack     at /Users/romel.campbell/.nvm/versions/node/v5.9.1/lib/node_modules/npm/node_modules/graceful-fs/graceful-fs.js:78:16
4 verbose stack     at tryToString (fs.js:414:3)
4 verbose stack     at FSReqWrap.readFileAfterClose [as oncomplete] (fs.js:401:12)
5 verbose cwd /Users/romel.campbell/GitHub/Repos/Angular2/AngularBootCamp/learn2
6 error Darwin 15.5.0
7 error argv "/Users/romel.campbell/.nvm/versions/node/v5.9.1/bin/node" "/Users/romel.campbell/.nvm/versions/node/v5.9.1/bin/npm" "start"
8 error node v5.9.1
9 error npm  v3.9.5
10 error file /Users/romel.campbell/GitHub/Repos/Angular2/AngularBootCamp/learn2/package.json
11 error code EJSONPARSE
12 error Failed to parse json
12 error Unexpected token '/' at 31:5
12 error     //"start": "live-server --no-browser --wait=400 -q"
12 error     ^
13 error File: /Users/romel.campbell/GitHub/Repos/Angular2/AngularBootCamp/learn2/package.json
14 error Failed to parse package.json data.
14 error package.json must be actual JSON, not just JavaScript.
14 error
14 error This is not a bug in npm.
14 error Tell the package author to fix their package.json file. JSON.parse
15 verbose exit [ 1, true ]
