0 info it worked if it ends with ok
1 verbose cli [ '/Users/romel.campbell/.nvm/versions/node/v5.9.1/bin/node',
1 verbose cli   '/Users/romel.campbell/.nvm/versions/node/v5.9.1/bin/npm',
1 verbose cli   'start' ]
2 info using npm@3.9.5
3 info using node@v5.9.1
4 verbose run-script [ 'prestart', 'start', 'poststart' ]
5 info lifecycle angular2-quickstart@1.0.0~prestart: angular2-quickstart@1.0.0
6 silly lifecycle angular2-quickstart@1.0.0~prestart: no script for prestart, continuing
7 info lifecycle angular2-quickstart@1.0.0~start: angular2-quickstart@1.0.0
8 verbose lifecycle angular2-quickstart@1.0.0~start: unsafe-perm in lifecycle true
9 verbose lifecycle angular2-quickstart@1.0.0~start: PATH: /Users/romel.campbell/.nvm/versions/node/v5.9.1/lib/node_modules/npm/bin/node-gyp-bin:/Users/romel.campbell/GitHub/Repos/Angular2/pluralsight/pypAngular2Quick/pbp-a2-ward/node_modules/.bin:/Users/romel.campbell/.nvm/versions/node/v5.9.1/bin:~/Library/Android/sdk/tools:~/Library/Android/sdk/platform-tools:/Users/romel.campbell/.nvm/versions/node/v5.9.1/bin:/usr/local/oracle/instantclient_11_2/bin:/usr/local/sbin:/System/Library/Frameworks/JavaVM.framework/Home/bin:./bin:/usr/local/bin:/Users/romel.campbell/bin:/usr/local/mysql/bin:/usr/bin:/bin:/usr/sbin:/sbin:/usr/local/bin:/opt/X11/bin:/usr/local/go/bin:~/Library/Android/sdk/tools:~/Library/Android/sdk/platform-tools:/usr/local/oracle/instantclient_11_2/bin:/usr/local/sbin:/System/Library/Frameworks/JavaVM.framework/Home/bin:./bin:/Users/romel.campbell/bin:/usr/local/mysql/bin:/Users/romel.campbell/railsbricks:/Applications/eclipse/Eclipse.app/Contents/MacOS:/Applications/play-2.1.0:/Users/romel.campbell/go/google_appengine:/Users/romel.campbell/go/bin:/usr/local/Cellar/go/current/libexec/bin:/Users/romel.campbell/railsbricks:/Applications/eclipse/Eclipse.app/Contents/MacOS:/Applications/play-2.1.0:/Users/romel.campbell/go/google_appengine:/Users/romel.campbell/go/bin:/usr/local/Cellar/go/current/libexec/bin
10 verbose lifecycle angular2-quickstart@1.0.0~start: CWD: /Users/romel.campbell/GitHub/Repos/Angular2/pluralsight/pypAngular2Quick/pbp-a2-ward
11 silly lifecycle angular2-quickstart@1.0.0~start: Args: [ '-c', 'tsc && concurrently "tsc -w" "lite-server" ' ]
12 silly lifecycle angular2-quickstart@1.0.0~start: Returned: code: 2  signal: null
13 info lifecycle angular2-quickstart@1.0.0~start: Failed to exec start script
14 verbose stack Error: angular2-quickstart@1.0.0 start: `tsc && concurrently "tsc -w" "lite-server" `
14 verbose stack Exit status 2
14 verbose stack     at EventEmitter.<anonymous> (/Users/romel.campbell/.nvm/versions/node/v5.9.1/lib/node_modules/npm/lib/utils/lifecycle.js:245:16)
14 verbose stack     at emitTwo (events.js:100:13)
14 verbose stack     at EventEmitter.emit (events.js:185:7)
14 verbose stack     at ChildProcess.<anonymous> (/Users/romel.campbell/.nvm/versions/node/v5.9.1/lib/node_modules/npm/lib/utils/spawn.js:24:14)
14 verbose stack     at emitTwo (events.js:100:13)
14 verbose stack     at ChildProcess.emit (events.js:185:7)
14 verbose stack     at maybeClose (internal/child_process.js:850:16)
14 verbose stack     at Process.ChildProcess._handle.onexit (internal/child_process.js:215:5)
15 verbose pkgid angular2-quickstart@1.0.0
16 verbose cwd /Users/romel.campbell/GitHub/Repos/Angular2/pluralsight/pypAngular2Quick/pbp-a2-ward
17 error Darwin 15.5.0
18 error argv "/Users/romel.campbell/.nvm/versions/node/v5.9.1/bin/node" "/Users/romel.campbell/.nvm/versions/node/v5.9.1/bin/npm" "start"
19 error node v5.9.1
20 error npm  v3.9.5
21 error code ELIFECYCLE
22 error angular2-quickstart@1.0.0 start: `tsc && concurrently "tsc -w" "lite-server" `
22 error Exit status 2
23 error Failed at the angular2-quickstart@1.0.0 start script 'tsc && concurrently "tsc -w" "lite-server" '.
23 error Make sure you have the latest version of node.js and npm installed.
23 error If you do, this is most likely a problem with the angular2-quickstart package,
23 error not with npm itself.
23 error Tell the author that this fails on your system:
23 error     tsc && concurrently "tsc -w" "lite-server"
23 error You can get information on how to open an issue for this project with:
23 error     npm bugs angular2-quickstart
23 error Or if that isn't available, you can get their info via:
23 error     npm owner ls angular2-quickstart
23 error There is likely additional logging output above.
24 verbose exit [ 1, true ]
