0 info it worked if it ends with ok
1 verbose cli [ '/usr/local/bin/node', '/usr/local/bin/npm', 'run', 'tsc' ]
2 info using npm@3.8.6
3 info using node@v5.11.0
4 verbose run-script [ 'pretsc', 'tsc', 'posttsc' ]
5 info lifecycle lightning-voter-demo@1.0.0~pretsc: lightning-voter-demo@1.0.0
6 silly lifecycle lightning-voter-demo@1.0.0~pretsc: no script for pretsc, continuing
7 info lifecycle lightning-voter-demo@1.0.0~tsc: lightning-voter-demo@1.0.0
8 verbose lifecycle lightning-voter-demo@1.0.0~tsc: unsafe-perm in lifecycle true
9 verbose lifecycle lightning-voter-demo@1.0.0~tsc: PATH: /usr/local/lib/node_modules/npm/bin/node-gyp-bin:/Users/romelcampbell/GitHub/Repos/Angular2/pluralsight/Angular2Migration/lightning-voter-demo/node_modules/.bin:/usr/local/bin:/usr/local/bin:/usr/bin:/bin:/usr/sbin:/sbin
10 verbose lifecycle lightning-voter-demo@1.0.0~tsc: CWD: /Users/romelcampbell/GitHub/Repos/Angular2/pluralsight/Angular2Migration/lightning-voter-demo
11 silly lifecycle lightning-voter-demo@1.0.0~tsc: Args: [ '-c', 'tsc -p . -w' ]
12 silly lifecycle lightning-voter-demo@1.0.0~tsc: Returned: code: 1  signal: null
13 info lifecycle lightning-voter-demo@1.0.0~tsc: Failed to exec tsc script
14 verbose stack Error: lightning-voter-demo@1.0.0 tsc: `tsc -p . -w`
14 verbose stack Exit status 1
14 verbose stack     at EventEmitter.<anonymous> (/usr/local/lib/node_modules/npm/lib/utils/lifecycle.js:239:16)
14 verbose stack     at emitTwo (events.js:100:13)
14 verbose stack     at EventEmitter.emit (events.js:185:7)
14 verbose stack     at ChildProcess.<anonymous> (/usr/local/lib/node_modules/npm/lib/utils/spawn.js:24:14)
14 verbose stack     at emitTwo (events.js:100:13)
14 verbose stack     at ChildProcess.emit (events.js:185:7)
14 verbose stack     at maybeClose (internal/child_process.js:850:16)
14 verbose stack     at Process.ChildProcess._handle.onexit (internal/child_process.js:215:5)
15 verbose pkgid lightning-voter-demo@1.0.0
16 verbose cwd /Users/romelcampbell/GitHub/Repos/Angular2/pluralsight/Angular2Migration/lightning-voter-demo
17 error Darwin 15.5.0
18 error argv "/usr/local/bin/node" "/usr/local/bin/npm" "run" "tsc"
19 error node v5.11.0
20 error npm  v3.8.6
21 error code ELIFECYCLE
22 error lightning-voter-demo@1.0.0 tsc: `tsc -p . -w`
22 error Exit status 1
23 error Failed at the lightning-voter-demo@1.0.0 tsc script 'tsc -p . -w'.
23 error Make sure you have the latest version of node.js and npm installed.
23 error If you do, this is most likely a problem with the lightning-voter-demo package,
23 error not with npm itself.
23 error Tell the author that this fails on your system:
23 error     tsc -p . -w
23 error You can get information on how to open an issue for this project with:
23 error     npm bugs lightning-voter-demo
23 error Or if that isn't available, you can get their info via:
23 error     npm owner ls lightning-voter-demo
23 error There is likely additional logging output above.
24 verbose exit [ 1, true ]
